<?xml version="1.0" encoding="UTF-8"?>
<!-- Generated by org.testng.reporters.JUnitXMLReporter -->
<testsuite ignored="0" hostname="Mickey" failures="0" tests="3" name="Submit Order Test" time="22.613" errors="0" timestamp="2024-10-15T18:48:51 IST">
  <testcase classname="rm.Tests.SubmitOrderTest" name="submitOrder" time="3.716"/>
  <testcase classname="rm.Tests.SubmitOrderTest" name="submitOrder" time="3.953"/>
  <testcase classname="rm.Tests.SubmitOrderTest" name="OrderHistoryTest" time="1.095"/>
</testsuite> <!-- Submit Order Test -->
