<?xml version="1.0" encoding="UTF-8"?>
<!-- Generated by org.testng.reporters.JUnitXMLReporter -->
<testsuite ignored="0" hostname="Mickey" failures="0" tests="3" name="Submit Order Test" time="12.406" errors="0" timestamp="2024-10-18T11:53:44 IST">
  <testcase classname="rm.Tests.SubmitOrderTest" name="submitOrder" time="2.969"/>
  <testcase classname="rm.Tests.SubmitOrderTest" name="submitOrder" time="2.906"/>
  <testcase classname="rm.Tests.SubmitOrderTest" name="OrderHistoryTest" time="0.594"/>
</testsuite> <!-- Submit Order Test -->
